<?xml version="1.0" encoding="UTF-8"?>
<testsuite xmlns:xsi="http://www.w3.org/2001/XMLSchema-instance" xsi:noNamespaceSchemaLocation="https://maven.apache.org/surefire/maven-surefire-plugin/xsd/surefire-test-report-3.0.xsd" version="3.0" name="com.sapient.models.CurrencyTest" time="0.07" tests="14" errors="0" skipped="0" failures="0">
  <properties>
    <property name="sun.desktop" value="windows"/>
    <property name="awt.toolkit" value="sun.awt.windows.WToolkit"/>
    <property name="java.specification.version" value="11"/>
    <property name="sun.cpu.isalist" value="amd64"/>
    <property name="sun.jnu.encoding" value="Cp1252"/>
    <property name="java.class.path" value="C:\PS-training\DailyHandsOn\trading_system\target\test-classes;C:\PS-training\DailyHandsOn\trading_system\target\classes;C:\Users\mankapil\.m2\repository\org\projectlombok\lombok\1.18.24\lombok-1.18.24.jar;C:\Users\mankapil\.m2\repository\junit\junit\3.8.1\junit-3.8.1.jar;C:\Users\mankapil\.m2\repository\org\junit\jupiter\junit-jupiter-api\5.8.2\junit-jupiter-api-5.8.2.jar;C:\Users\mankapil\.m2\repository\org\opentest4j\opentest4j\1.2.0\opentest4j-1.2.0.jar;C:\Users\mankapil\.m2\repository\org\junit\platform\junit-platform-commons\1.8.2\junit-platform-commons-1.8.2.jar;C:\Users\mankapil\.m2\repository\org\apiguardian\apiguardian-api\1.1.2\apiguardian-api-1.1.2.jar;C:\Users\mankapil\.m2\repository\org\junit\jupiter\junit-jupiter-params\5.8.2\junit-jupiter-params-5.8.2.jar;C:\Users\mankapil\.m2\repository\org\junit\jupiter\junit-jupiter\5.8.2\junit-jupiter-5.8.2.jar;C:\Users\mankapil\.m2\repository\org\junit\jupiter\junit-jupiter-engine\5.8.2\junit-jupiter-engine-5.8.2.jar;C:\Users\mankapil\.m2\repository\org\junit\platform\junit-platform-engine\1.8.2\junit-platform-engine-1.8.2.jar;"/>
    <property name="java.vm.vendor" value="Oracle Corporation"/>
    <property name="sun.arch.data.model" value="64"/>
    <property name="user.variant" value=""/>
    <property name="java.vendor.url" value="https://openjdk.java.net/"/>
    <property name="user.timezone" value="Asia/Calcutta"/>
    <property name="java.vm.specification.version" value="11"/>
    <property name="os.name" value="Windows 10"/>
    <property name="sun.java.launcher" value="SUN_STANDARD"/>
    <property name="user.country" value="US"/>
    <property name="sun.boot.library.path" value="C:\Program Files\Java\jdk-11.0.15\bin"/>
    <property name="sun.java.command" value="C:\Users\mankapil\AppData\Local\Temp\surefire10910260731099841499\surefirebooter6112554440768998671.jar C:\Users\mankapil\AppData\Local\Temp\surefire10910260731099841499 2022-06-27T22-37-48_166-jvmRun1 surefire297422059020345909tmp surefire_0974720891215915172tmp"/>
    <property name="jdk.debug" value="release"/>
    <property name="surefire.test.class.path" value="C:\PS-training\DailyHandsOn\trading_system\target\test-classes;C:\PS-training\DailyHandsOn\trading_system\target\classes;C:\Users\mankapil\.m2\repository\org\projectlombok\lombok\1.18.24\lombok-1.18.24.jar;C:\Users\mankapil\.m2\repository\junit\junit\3.8.1\junit-3.8.1.jar;C:\Users\mankapil\.m2\repository\org\junit\jupiter\junit-jupiter-api\5.8.2\junit-jupiter-api-5.8.2.jar;C:\Users\mankapil\.m2\repository\org\opentest4j\opentest4j\1.2.0\opentest4j-1.2.0.jar;C:\Users\mankapil\.m2\repository\org\junit\platform\junit-platform-commons\1.8.2\junit-platform-commons-1.8.2.jar;C:\Users\mankapil\.m2\repository\org\apiguardian\apiguardian-api\1.1.2\apiguardian-api-1.1.2.jar;C:\Users\mankapil\.m2\repository\org\junit\jupiter\junit-jupiter-params\5.8.2\junit-jupiter-params-5.8.2.jar;C:\Users\mankapil\.m2\repository\org\junit\jupiter\junit-jupiter\5.8.2\junit-jupiter-5.8.2.jar;C:\Users\mankapil\.m2\repository\org\junit\jupiter\junit-jupiter-engine\5.8.2\junit-jupiter-engine-5.8.2.jar;C:\Users\mankapil\.m2\repository\org\junit\platform\junit-platform-engine\1.8.2\junit-platform-engine-1.8.2.jar;"/>
    <property name="sun.cpu.endian" value="little"/>
    <property name="user.home" value="C:\Users\mankapil"/>
    <property name="user.language" value="en"/>
    <property name="java.specification.vendor" value="Oracle Corporation"/>
    <property name="java.version.date" value="2022-04-19"/>
    <property name="java.home" value="C:\Program Files\Java\jdk-11.0.15"/>
    <property name="file.separator" value="\"/>
    <property name="basedir" value="C:\PS-training\DailyHandsOn\trading_system"/>
    <property name="java.vm.compressedOopsMode" value="Zero based"/>
    <property name="line.separator" value="&#10;"/>
    <property name="java.specification.name" value="Java Platform API Specification"/>
    <property name="java.vm.specification.vendor" value="Oracle Corporation"/>
    <property name="java.awt.graphicsenv" value="sun.awt.Win32GraphicsEnvironment"/>
    <property name="surefire.real.class.path" value="C:\Users\mankapil\AppData\Local\Temp\surefire10910260731099841499\surefirebooter6112554440768998671.jar"/>
    <property name="user.script" value=""/>
    <property name="sun.management.compiler" value="HotSpot 64-Bit Tiered Compilers"/>
    <property name="java.runtime.version" value="11.0.15+8-LTS-149"/>
    <property name="user.name" value="mankapil"/>
    <property name="path.separator" value=";"/>
    <property name="os.version" value="10.0"/>
    <property name="java.runtime.name" value="Java(TM) SE Runtime Environment"/>
    <property name="file.encoding" value="Cp1252"/>
    <property name="java.vm.name" value="Java HotSpot(TM) 64-Bit Server VM"/>
    <property name="java.vendor.version" value="18.9"/>
    <property name="localRepository" value="C:\Users\mankapil\.m2\repository"/>
    <property name="java.vendor.url.bug" value="https://bugreport.java.com/bugreport/"/>
    <property name="java.io.tmpdir" value="C:\Users\mankapil\AppData\Local\Temp\"/>
    <property name="java.version" value="11.0.15"/>
    <property name="user.dir" value="C:\PS-training\DailyHandsOn\trading_system"/>
    <property name="os.arch" value="amd64"/>
    <property name="java.vm.specification.name" value="Java Virtual Machine Specification"/>
    <property name="java.awt.printerjob" value="sun.awt.windows.WPrinterJob"/>
    <property name="sun.os.patch.level" value=""/>
    <property name="java.library.path" value="C:\Program Files\Java\jdk-11.0.15\bin;C:\WINDOWS\Sun\Java\bin;C:\WINDOWS\system32;C:\WINDOWS;C:\Program Files\Common Files\Oracle\Java\javapath;C:\Program Files (x86)\Common Files\Oracle\Java\javapath;C:\WINDOWS\system32;C:\WINDOWS;C:\WINDOWS\System32\Wbem;C:\WINDOWS\System32\WindowsPowerShell\v1.0\;C:\WINDOWS\System32\OpenSSH\;C:\Program Files (x86)\CheckPoint\Endpoint Security\Endpoint Common\bin;C:\Program Files\nodejs\;C:\Program Files\Java\jdk-11.0.15\bin;C:\Program Files\MongoDB\Server\5.0\bin;C:\Program Files\Java\jdk-11.0.15\bin;C:\Program Files\Git\cmd;C:\Users\mankapil\Downloads\apache-maven-3.8.6-bin\apache-maven-3.8.6\bin;C:\Users\mankapil\AppData\Local\Microsoft\WindowsApps;;C:\Users\mankapil\AppData\Local\JetBrains\IntelliJ IDEA Community Edition 2022.1.2\bin;;C:\Users\mankapil\AppData\Roaming\npm;C:\Users\mankapil\AppData\Local\Programs\Microsoft VS Code\bin;."/>
    <property name="java.vendor" value="Oracle Corporation"/>
    <property name="java.vm.info" value="mixed mode"/>
    <property name="java.vm.version" value="11.0.15+8-LTS-149"/>
    <property name="sun.io.unicode.encoding" value="UnicodeLittle"/>
    <property name="java.class.version" value="55.0"/>
  </properties>
  <testcase name="countryCodeGoodTest(int)[1]" classname="com.sapient.models.CurrencyTest" time="0.002"/>
  <testcase name="countryCodeGoodTest(int)[2]" classname="com.sapient.models.CurrencyTest" time="0.002"/>
  <testcase name="countryCodeGoodTest(int)[3]" classname="com.sapient.models.CurrencyTest" time="0.002"/>
  <testcase name="currencyIdNotZeroTest(int)[1]" classname="com.sapient.models.CurrencyTest" time="0.001"/>
  <testcase name="currencyIdNotZeroTest(int)[2]" classname="com.sapient.models.CurrencyTest" time="0"/>
  <testcase name="currencyIdNotZeroTest(int)[3]" classname="com.sapient.models.CurrencyTest" time="0.002"/>
  <testcase name="currencyNotNullTest" classname="com.sapient.models.CurrencyTest" time="0"/>
  <testcase name="testWithCsvFileSource(int,String, int,Symbol,String)" classname="com.sapient.models.CurrencyTest" time="0.012"/>
  <testcase name="testWithCsvFileSource(int,String, int,Symbol,String)" classname="com.sapient.models.CurrencyTest" time="0.001"/>
  <testcase name="testWithCsvFileSource(int,String, int,Symbol,String)" classname="com.sapient.models.CurrencyTest" time="0.001"/>
  <testcase name="testWithCsvFileSource(int,String, int,Symbol,String)" classname="com.sapient.models.CurrencyTest" time="0.001"/>
  <testcase name="testWithCsvFileSource(int,String, int,Symbol,String)" classname="com.sapient.models.CurrencyTest" time="0.001"/>
  <testcase name="testWithCsvFileSource(int,String, int,Symbol,String)" classname="com.sapient.models.CurrencyTest" time="0.001"/>
  <testcase name="testWithCsvFileSource(int,String, int,Symbol,String)" classname="com.sapient.models.CurrencyTest" time="0.001"/>
</testsuite>